生成启动时间为 2017/1/29 22:00:30。
     1>项目“D:\freelancer\201611\SVMExample\SVMExample\SVMExample.vcxproj”在节点 2 上(Build 个目标)。
     1>ClCompile:
         C:\Program Files (x86)\Microsoft Visual Studio 12.0\VC\bin\x86_amd64\CL.exe /c /I"%OPENCV%\include" /ID:\freelancer\201611\SVMExample\include /Zi /nologo /W3 /WX- /sdl /Od /D _CRT_SECURE_NO_WARNINGS /D WIN32 /D _DEBUG /D _CONSOLE /D _LIB /D _MBCS /Gm /EHsc /RTC1 /MDd /GS /fp:precise /Zc:wchar_t /Zc:forScope /Fo"x64\Debug\\" /Fd"x64\Debug\vc120.pdb" /Gd /TP /errorReport:prompt SVMExample.cpp
         SVMExample.cpp
     1>D:\opencv3x\opencv\build\install\include\opencv2/core/mat.hpp(1959): warning C4819: 该文件包含不能在当前代码页(936)中表示的字符。请将该文件保存为 Unicode 格式以防止数据丢失
     1>D:\opencv3x\opencv\build\install\include\opencv2/core/persistence.hpp : warning C4819: 该文件包含不能在当前代码页(936)中表示的字符。请将该文件保存为 Unicode 格式以防止数据丢失
     1>D:\opencv3x\opencv\build\install\include\opencv2/core/utility.hpp : warning C4819: 该文件包含不能在当前代码页(936)中表示的字符。请将该文件保存为 Unicode 格式以防止数据丢失
     1>D:\opencv3x\opencv\build\install\include\opencv2/imgproc.hpp(618): warning C4819: 该文件包含不能在当前代码页(936)中表示的字符。请将该文件保存为 Unicode 格式以防止数据丢失
       Link:
         C:\Program Files (x86)\Microsoft Visual Studio 12.0\VC\bin\x86_amd64\link.exe /ERRORREPORT:PROMPT /OUT:"D:\freelancer\201611\SVMExample\x64\Debug\SVMExample.exe" /INCREMENTAL /NOLOGO /LIBPATH:"%OPENCV%\x64\vc12\lib" kernel32.lib user32.lib gdi32.lib winspool.lib comdlg32.lib opencv_aruco310d.lib opencv_bgsegm310d.lib opencv_bioinspired310d.lib opencv_calib3d310d.lib opencv_ccalib310d.lib opencv_core310d.lib opencv_datasets310d.lib opencv_dnn310d.lib opencv_dpm310d.lib opencv_face310d.lib opencv_features2d310d.lib opencv_flann310d.lib opencv_fuzzy310d.lib opencv_highgui310d.lib opencv_imgcodecs310d.lib opencv_imgproc310d.lib opencv_line_descriptor310d.lib opencv_ml310d.lib opencv_objdetect310d.lib opencv_optflow310d.lib opencv_photo310d.lib opencv_plot310d.lib opencv_reg310d.lib opencv_rgbd310d.lib opencv_saliency310d.lib opencv_shape310d.lib opencv_stereo310d.lib opencv_stitching310d.lib opencv_structured_light310d.lib opencv_superres310d.lib opencv_surface_matching310d.lib opencv_text310d.lib opencv_tracking310d.lib opencv_video310d.lib opencv_videoio310d.lib opencv_videostab310d.lib opencv_xfeatures2d310d.lib opencv_ximgproc310d.lib opencv_xobjdetect310d.lib opencv_xphoto310d.lib advapi32.lib shell32.lib ole32.lib oleaut32.lib uuid.lib odbc32.lib odbccp32.lib kernel32.lib user32.lib gdi32.lib winspool.lib comdlg32.lib advapi32.lib shell32.lib ole32.lib oleaut32.lib uuid.lib odbc32.lib odbccp32.lib /MANIFEST /MANIFESTUAC:"level='asInvoker' uiAccess='false'" /manifest:embed /DEBUG /PDB:"D:\freelancer\201611\SVMExample\x64\Debug\SVMExample.pdb" /SUBSYSTEM:CONSOLE /TLBID:1 /DYNAMICBASE /NXCOMPAT /IMPLIB:"D:\freelancer\201611\SVMExample\x64\Debug\SVMExample.lib" /MACHINE:X64 x64\Debug\BagOfWords.obj
         x64\Debug\helper.obj
         x64\Debug\lbp.obj
         x64\Debug\stdafx.obj
         x64\Debug\SVMExample.obj
         x64\Debug\svm_train.obj
         x64\Debug\util.obj
         SVMExample.vcxproj -> D:\freelancer\201611\SVMExample\x64\Debug\SVMExample.exe
     1>已完成生成项目“D:\freelancer\201611\SVMExample\SVMExample\SVMExample.vcxproj”(Build 个目标)的操作。

生成成功。

已用时间 00:00:03.42
